<?xml version="1.0" encoding="UTF-8"?>
<testng-results skipped="0" failed="0" total="2" passed="2">
  <reporter-output>
  </reporter-output>
  <suite name="Default suite" duration-ms="16950" started-at="2018-04-29T05:30:10Z" finished-at="2018-04-29T05:30:27Z">
    <groups>
    </groups>
    <test name="Default test" duration-ms="16950" started-at="2018-04-29T05:30:10Z" finished-at="2018-04-29T05:30:27Z">
      <class name="com.qa.gmail.tests.LoginPageTest">
        <test-method status="PASS" signature="setup()[pri:0, instance:com.qa.gmail.tests.LoginPageTest@685cb137]" name="setup" is-config="true" duration-ms="7172" started-at="2018-04-29T11:00:10Z" finished-at="2018-04-29T11:00:18Z">
          <reporter-output>
          </reporter-output>
        </test-method> <!-- setup -->
        <test-method status="PASS" signature="loginTest()[pri:0, instance:com.qa.gmail.tests.LoginPageTest@685cb137]" name="loginTest" duration-ms="1855" started-at="2018-04-29T11:00:18Z" finished-at="2018-04-29T11:00:19Z">
          <reporter-output>
          </reporter-output>
        </test-method> <!-- loginTest -->
        <test-method status="PASS" signature="tearDown()[pri:0, instance:com.qa.gmail.tests.LoginPageTest@685cb137]" name="tearDown" is-config="true" duration-ms="885" started-at="2018-04-29T11:00:19Z" finished-at="2018-04-29T11:00:20Z">
          <reporter-output>
          </reporter-output>
        </test-method> <!-- tearDown -->
        <test-method status="PASS" signature="setup()[pri:0, instance:com.qa.gmail.tests.LoginPageTest@685cb137]" name="setup" is-config="true" duration-ms="6002" started-at="2018-04-29T11:00:20Z" finished-at="2018-04-29T11:00:26Z">
          <reporter-output>
          </reporter-output>
        </test-method> <!-- setup -->
        <test-method status="PASS" signature="titleTest()[pri:0, instance:com.qa.gmail.tests.LoginPageTest@685cb137]" name="titleTest" duration-ms="30" started-at="2018-04-29T11:00:26Z" finished-at="2018-04-29T11:00:26Z">
          <reporter-output>
          </reporter-output>
        </test-method> <!-- titleTest -->
        <test-method status="PASS" signature="tearDown()[pri:0, instance:com.qa.gmail.tests.LoginPageTest@685cb137]" name="tearDown" is-config="true" duration-ms="984" started-at="2018-04-29T11:00:26Z" finished-at="2018-04-29T11:00:27Z">
          <reporter-output>
          </reporter-output>
        </test-method> <!-- tearDown -->
      </class> <!-- com.qa.gmail.tests.LoginPageTest -->
    </test> <!-- Default test -->
  </suite> <!-- Default suite -->
</testng-results>
